<?xml version="1.0" standalone="no"?>
<!DOCTYPE entity PUBLIC "-//UC Berkeley//DTD MoML 1//EN"
    "http://ptolemy.eecs.berkeley.edu/xml/dtd/MoML_1.dtd">
<entity name="test-stairs" class="ptolemy.actor.TypedCompositeActor">
    <property name="_createdBy" class="ptolemy.kernel.attributes.VersionAttribute" value="10.0.devel">
    </property>
    <property name="_windowProperties" class="ptolemy.actor.gui.WindowPropertiesAttribute" value="{bounds={4, 22, 1436, 878}, maximized=true}">
    </property>
    <property name="_vergilSize" class="ptolemy.actor.gui.SizeAttribute" value="[1202, 768]">
    </property>
    <property name="_vergilZoomFactor" class="ptolemy.data.expr.ExpertParameter" value="1.0000000000000009">
    </property>
    <property name="_vergilCenter" class="ptolemy.data.expr.ExpertParameter" value="{590.9999999999995, 374.0000000000003}">
    </property>
    <property name="Continuous Director" class="ptolemy.domains.continuous.kernel.ContinuousDirector">
        <property name="stopTime" class="ptolemy.data.expr.Parameter" value="4">
        </property>
        <property name="_location" class="ptolemy.kernel.util.Location" value="{95.0, 40.0}">
        </property>
    </property>
    <property name="Title" class="ptolemy.vergil.basic.export.web.Title" value="FMU model of a staircase using a Mealy machine.">
        <property name="_location" class="ptolemy.kernel.util.Location" value="[40.0, 70.0]">
        </property>
    </property>
    <property name="Annotation" class="ptolemy.vergil.kernel.attributes.TextAttribute">
        <property name="textColor" class="ptolemy.actor.gui.ColorAttribute" value="{0.0,0.0,0.0,1.0}">
        </property>
        <property name="text" class="ptolemy.kernel.util.StringAttribute" value="This model demonstrates how a Mealy machine can be &#10;implemented as an FMU. The model contains two &#10;different FMUs, both implementing a staircase. The &#10;difference is that the FMU stairs_a is using an open &#10;interval to model the stairs, thus do not indicate to the&#10;master algorithm any points directly before transition. &#10;The second FMU stairs_b implements superdense time, &#10;where each transition have a left and a right-sided limit. ">
        </property>
        <property name="_location" class="ptolemy.kernel.util.Location" value="[35.0, 135.0]">
        </property>
    </property>
    <property name="Annotation2" class="ptolemy.vergil.kernel.attributes.TextAttribute">
        <property name="textColor" class="ptolemy.actor.gui.ColorAttribute" value="{0.0,0.0,1.0,1.0}">
        </property>
        <property name="text" class="ptolemy.kernel.util.StringAttribute" value="By David Broman, 2013">
        </property>
        <property name="_location" class="ptolemy.kernel.util.Location" value="[185.0, 30.0]">
        </property>
    </property>
    <entity name="TimedPlotter_stairs_b" class="ptolemy.actor.lib.gui.TimedPlotter">
        <display name="TimedPlotter Stairs B"/>
        <property name="_windowProperties" class="ptolemy.actor.gui.WindowPropertiesAttribute" value="{bounds={714, 476, 622, 393}, maximized=false}">
        </property>
        <property name="_plotSize" class="ptolemy.actor.gui.SizeAttribute" value="[622, 349]">
        </property>
        <property name="_location" class="ptolemy.kernel.util.Location" value="[200.0, 420.0]">
        </property>
        <configure>
<?plotml <!DOCTYPE plot PUBLIC "-//UC Berkeley//DTD PlotML 1//EN"
"http://ptolemy.eecs.berkeley.edu/xml/dtd/PlotML_1.dtd">
<plot>
<title>TimedPlotter</title>
<xLabel></xLabel>
<yLabel></yLabel>
<xRange min="0.0" max="4.0"/>
<yRange min="0.0" max="2.0"/>
<default stems="yes"/>
</plot>?>
        </configure>
    </entity>
    <entity name="stairs_a" class="ptolemy.actor.lib.fmi.FMUImport">
        <property name="fmuFile" class="ptolemy.data.expr.FileParameter" value="$PTII/ptolemy/actor/lib/fmi/fmus/stairs_a/stairs_a.fmu">
        </property>
        <property name="_location" class="ptolemy.kernel.util.Location" value="[80.0, 340.0]">
        </property>
        <port name="level" class="ptolemy.actor.TypedIOPort">
            <property name="output"/>
            <property name="_type" class="ptolemy.actor.TypeAttribute" value="double">
                <property name="style" class="ptolemy.actor.gui.style.HiddenStyle">
                </property>
            </property>
            <property name="dependencies" class="ptolemy.kernel.util.StringAttribute">
            </property>
            <property name="_showName" class="ptolemy.data.expr.SingletonParameter" value="true">
                <property name="style" class="ptolemy.actor.gui.style.HiddenStyle">
                </property>
            </property>
        </port>
    </entity>
    <entity name="TimedPlotter_stairs_a" class="ptolemy.actor.lib.gui.TimedPlotter">
        <display name="TimedPlotter Stairs A"/>
        <property name="_windowProperties" class="ptolemy.actor.gui.WindowPropertiesAttribute" value="{bounds={717, 58, 614, 405}, maximized=false}">
        </property>
        <property name="_plotSize" class="ptolemy.actor.gui.SizeAttribute" value="[614, 361]">
        </property>
        <property name="_location" class="ptolemy.kernel.util.Location" value="[205.0, 340.0]">
        </property>
        <configure>
<?plotml <!DOCTYPE plot PUBLIC "-//UC Berkeley//DTD PlotML 1//EN"
"http://ptolemy.eecs.berkeley.edu/xml/dtd/PlotML_1.dtd">
<plot>
<title>TimedPlotter</title>
<xLabel></xLabel>
<yLabel></yLabel>
<xRange min="0.0" max="4.0"/>
<yRange min="0.0" max="2.0"/>
<default stems="yes"/>
</plot>?>
        </configure>
    </entity>
    <entity name="stairs_b" class="ptolemy.actor.lib.fmi.FMUImport">
        <property name="fmuFile" class="ptolemy.data.expr.FileParameter" value="$PTII/ptolemy/actor/lib/fmi/fmus/stairs_b/stairs_b.fmu">
        </property>
        <property name="_location" class="ptolemy.kernel.util.Location" value="[80.0, 420.0]">
        </property>
        <port name="level" class="ptolemy.actor.TypedIOPort">
            <property name="output"/>
            <property name="_type" class="ptolemy.actor.TypeAttribute" value="double">
                <property name="style" class="ptolemy.actor.gui.style.HiddenStyle">
                </property>
            </property>
            <property name="dependencies" class="ptolemy.kernel.util.StringAttribute">
            </property>
            <property name="_showName" class="ptolemy.data.expr.SingletonParameter" value="true">
                <property name="style" class="ptolemy.actor.gui.style.HiddenStyle">
                </property>
            </property>
        </port>
    </entity>
    <relation name="relation3" class="ptolemy.actor.TypedIORelation">
    </relation>
    <relation name="relation" class="ptolemy.actor.TypedIORelation">
    </relation>
    <link port="TimedPlotter_stairs_b.input" relation="relation"/>
    <link port="stairs_a.level" relation="relation3"/>
    <link port="TimedPlotter_stairs_a.input" relation="relation3"/>
    <link port="stairs_b.level" relation="relation"/>
</entity>
