<?xml version="1.0" standalone="no"?>
<!DOCTYPE entity PUBLIC "-//UC Berkeley//DTD MoML 1//EN"
    "http://ptolemy.eecs.berkeley.edu/xml/dtd/MoML_1.dtd">
<entity name="test-pn-composite-1" class="ptolemy.actor.TypedCompositeActor">
    <property name="_createdBy" class="ptolemy.kernel.attributes.VersionAttribute" value="2.1-devel-2">
    </property>
    <property name="_vergilSize" class="ptolemy.actor.gui.SizeAttribute" value="[604, 454]">
    </property>
    <property name="_vergilLocation" class="ptolemy.actor.gui.LocationAttribute" value="[66, 121]">
    </property>
    <property name="PTN" class="ptolemy.domains.petrinet.kernel.PetriNetDirector">
        <property name="_location" class="ptolemy.kernel.util.Location" value="70.0, 403.0">
        </property>
    </property>
    <property name="_windowProperties" class="ptolemy.actor.gui.WindowPropertiesAttribute" value="{bounds={102, 102, 819, 563}}">
    </property>
    <entity name="Place" class="ptolemy.domains.petrinet.kernel.Place">
        <property name="initialMarking" class="ptolemy.data.expr.Parameter" value="5">
        </property>
        <property name="_location" class="ptolemy.kernel.util.Location" value="103.5, 215.5">
        </property>
        <port name="input" class="ptolemy.actor.TypedIOPort">
            <property name="input"/>
            <property name="multiport"/>
        </port>
        <port name="output" class="ptolemy.actor.TypedIOPort">
            <property name="output"/>
            <property name="multiport"/>
        </port>
    </entity>
    <entity name="PetriNetActor" class="ptolemy.domains.petrinet.kernel.PetriNetActor">
        <property name="_location" class="ptolemy.kernel.util.Location" value="265.5, 285.5">
        </property>
        <property name="_vergilSize" class="ptolemy.actor.gui.SizeAttribute">
        </property>
        <property name="_vergilLocation" class="ptolemy.actor.gui.LocationAttribute">
        </property>
        <port name="in" class="ptolemy.actor.TypedIOPort">
            <property name="input"/>
            <property name="multiport"/>
            <property name="_location" class="ptolemy.kernel.util.Location" value="77.0, 157.0">
            </property>
        </port>
        <port name="out" class="ptolemy.actor.TypedIOPort">
            <property name="output"/>
            <property name="multiport"/>
            <property name="_location" class="ptolemy.kernel.util.Location" value="409.0, 165.0">
            </property>
        </port>
        <entity name="Place" class="ptolemy.domains.petrinet.kernel.Place">
            <property name="initialMarking" class="ptolemy.data.expr.Parameter" value="0">
            </property>
            <property name="_location" class="ptolemy.kernel.util.Location" value="209.0, 66.0">
            </property>
            <port name="input" class="ptolemy.actor.TypedIOPort">
                <property name="input"/>
                <property name="multiport"/>
            </port>
            <port name="output" class="ptolemy.actor.TypedIOPort">
                <property name="output"/>
                <property name="multiport"/>
            </port>
        </entity>
        <entity name="typed composite actor" class="ptolemy.actor.TypedCompositeActor">
            <property name="_location" class="ptolemy.kernel.util.Location" value="234.0, 210.0">
            </property>
            <property name="_vergilSize" class="ptolemy.actor.gui.SizeAttribute">
            </property>
            <property name="_vergilLocation" class="ptolemy.actor.gui.LocationAttribute">
            </property>
            <property name="PTN" class="ptolemy.domains.petrinet.kernel.PetriNetDirector">
                <property name="_location" class="ptolemy.kernel.util.Location" value="83.0, 376.0">
                </property>
            </property>
            <port name="in" class="ptolemy.actor.TypedIOPort">
                <property name="input"/>
                <property name="multiport"/>
                <property name="_location" class="ptolemy.kernel.util.Location" value="82.0, 143.0">
                </property>
            </port>
            <port name="out" class="ptolemy.actor.TypedIOPort">
                <property name="output"/>
                <property name="multiport"/>
                <property name="_location" class="ptolemy.kernel.util.Location" value="404.0, 149.0">
                </property>
            </port>
            <entity name="Place" class="ptolemy.domains.petrinet.kernel.Place">
                <property name="initialMarking" class="ptolemy.data.expr.Parameter" value="2">
                </property>
                <property name="_location" class="ptolemy.kernel.util.Location" value="118.0, 239.0">
                </property>
                <port name="input" class="ptolemy.actor.TypedIOPort">
                    <property name="input"/>
                    <property name="multiport"/>
                </port>
                <port name="output" class="ptolemy.actor.TypedIOPort">
                    <property name="output"/>
                    <property name="multiport"/>
                </port>
            </entity>
            <entity name="typed composite actor" class="ptolemy.actor.TypedCompositeActor">
                <property name="_location" class="ptolemy.kernel.util.Location" value="284.0, 161.0">
                </property>
                <port name="in" class="ptolemy.actor.TypedIOPort">
                    <property name="input"/>
                    <property name="multiport"/>
                </port>
                <port name="out" class="ptolemy.actor.TypedIOPort">
                    <property name="output"/>
                    <property name="multiport"/>
                </port>
            </entity>
            <entity name="Place2" class="ptolemy.domains.petrinet.kernel.Place">
                <property name="initialMarking" class="ptolemy.data.expr.Parameter" value="0">
                </property>
                <property name="_location" class="ptolemy.kernel.util.Location" value="410.0, 231.0">
                </property>
                <port name="input" class="ptolemy.actor.TypedIOPort">
                    <property name="input"/>
                    <property name="multiport"/>
                </port>
                <port name="output" class="ptolemy.actor.TypedIOPort">
                    <property name="output"/>
                    <property name="multiport"/>
                </port>
            </entity>
            <relation name="relation" class="ptolemy.actor.TypedIORelation">
            </relation>
            <relation name="relation3" class="ptolemy.actor.TypedIORelation">
            </relation>
            <relation name="relation2" class="ptolemy.actor.TypedIORelation">
            </relation>
            <link port="out" relation="relation2"/>
            <link port="Place.output" relation="relation"/>
            <link port="typed composite actor.in" relation="relation"/>
            <link port="typed composite actor.out" relation="relation3"/>
            <link port="Place2.input" relation="relation3"/>
            <link port="Place2.output" relation="relation2"/>
        </entity>
        <relation name="relation2" class="ptolemy.actor.TypedIORelation">
        </relation>
        <relation name="relation" class="ptolemy.actor.TypedIORelation">
        </relation>
        <relation name="relation3" class="ptolemy.actor.TypedIORelation">
        </relation>
        <relation name="relation4" class="ptolemy.actor.TypedIORelation">
        </relation>
        <link port="in" relation="relation2"/>
        <link port="in" relation="relation3"/>
        <link port="out" relation="relation"/>
        <link port="out" relation="relation4"/>
        <link port="Place.input" relation="relation2"/>
        <link port="Place.output" relation="relation"/>
        <link port="typed composite actor.in" relation="relation3"/>
        <link port="typed composite actor.out" relation="relation4"/>
    </entity>
    <entity name="Place2" class="ptolemy.domains.petrinet.kernel.Place">
        <property name="initialMarking" class="ptolemy.data.expr.Parameter" value="0">
        </property>
        <property name="_location" class="ptolemy.kernel.util.Location" value="444.5, 214.5">
        </property>
        <port name="input" class="ptolemy.actor.TypedIOPort">
            <property name="input"/>
            <property name="multiport"/>
        </port>
        <port name="output" class="ptolemy.actor.TypedIOPort">
            <property name="output"/>
            <property name="multiport"/>
        </port>
    </entity>
    <entity name="typed composite actor" class="ptolemy.actor.TypedCompositeActor">
        <property name="_location" class="ptolemy.kernel.util.Location" value="291.5, 139.5">
        </property>
        <property name="_vergilSize" class="ptolemy.actor.gui.SizeAttribute">
        </property>
        <property name="_vergilLocation" class="ptolemy.actor.gui.LocationAttribute">
        </property>
        <port name="in" class="ptolemy.actor.TypedIOPort">
            <property name="input"/>
            <property name="multiport"/>
            <property name="_location" class="ptolemy.kernel.util.Location" value="408.5, 200.10000305175782">
            </property>
        </port>
        <port name="out" class="ptolemy.actor.TypedIOPort">
            <property name="output"/>
            <property name="multiport"/>
            <property name="_location" class="ptolemy.kernel.util.Location" value="408.5, 466.8999969482422">
            </property>
        </port>
        <relation name="relation" class="ptolemy.actor.TypedIORelation">
        </relation>
        <link port="in" relation="relation"/>
        <link port="out" relation="relation"/>
    </entity>
    <entity name="Place6" class="ptolemy.domains.petrinet.kernel.Place">
        <property name="initialMarking" class="ptolemy.data.expr.Parameter" value="0">
        </property>
        <property name="_location" class="ptolemy.kernel.util.Location" value="96.5, 99.5">
        </property>
        <port name="input" class="ptolemy.actor.TypedIOPort">
            <property name="input"/>
            <property name="multiport"/>
        </port>
        <port name="output" class="ptolemy.actor.TypedIOPort">
            <property name="output"/>
            <property name="multiport"/>
        </port>
    </entity>
    <relation name="relation" class="ptolemy.actor.TypedIORelation">
    </relation>
    <relation name="relation3" class="ptolemy.actor.TypedIORelation">
    </relation>
    <relation name="relation4" class="ptolemy.actor.TypedIORelation">
    </relation>
    <relation name="relation5" class="ptolemy.actor.TypedIORelation">
    </relation>
    <relation name="relation7" class="ptolemy.actor.TypedIORelation">
    </relation>
    <link port="Place.output" relation="relation"/>
    <link port="Place.output" relation="relation4"/>
    <link port="PetriNetActor.in" relation="relation4"/>
    <link port="PetriNetActor.out" relation="relation5"/>
    <link port="Place2.input" relation="relation3"/>
    <link port="Place2.input" relation="relation5"/>
    <link port="typed composite actor.in" relation="relation"/>
    <link port="typed composite actor.in" relation="relation7"/>
    <link port="typed composite actor.out" relation="relation3"/>
    <link port="Place6.output" relation="relation7"/>
</entity>
